Symlinking /home/mzx/Desktop/dog/devel/lib/python3/dist-packages/unitree_legged_msgs/__init__.py
Symlinking /home/mzx/Desktop/dog/devel/lib/python3/dist-packages/unitree_legged_msgs/msg/_BmsCmd.py
Symlinking /home/mzx/Desktop/dog/devel/lib/python3/dist-packages/unitree_legged_msgs/msg/_LED.py
Symlinking /home/mzx/Desktop/dog/devel/lib/python3/dist-packages/unitree_legged_msgs/msg/_MotorCmd.py
Symlinking /home/mzx/Desktop/dog/devel/lib/python3/dist-packages/unitree_legged_msgs/msg/_Cartesian.py
Symlinking /home/mzx/Desktop/dog/devel/lib/python3/dist-packages/unitree_legged_msgs/msg/__init__.py
Symlinking /home/mzx/Desktop/dog/devel/lib/python3/dist-packages/unitree_legged_msgs/msg/_MotorState.py
Symlinking /home/mzx/Desktop/dog/devel/lib/python3/dist-packages/unitree_legged_msgs/msg/_downstream.py
Symlinking /home/mzx/Desktop/dog/devel/lib/python3/dist-packages/unitree_legged_msgs/msg/_LowCmd.py
Symlinking /home/mzx/Desktop/dog/devel/lib/python3/dist-packages/unitree_legged_msgs/msg/_HighCmd.py
Symlinking /home/mzx/Desktop/dog/devel/lib/python3/dist-packages/unitree_legged_msgs/msg/_upstream.py
Symlinking /home/mzx/Desktop/dog/devel/lib/python3/dist-packages/unitree_legged_msgs/msg/_LowState.py
Symlinking /home/mzx/Desktop/dog/devel/lib/python3/dist-packages/unitree_legged_msgs/msg/_HighState.py
Symlinking /home/mzx/Desktop/dog/devel/lib/python3/dist-packages/unitree_legged_msgs/msg/_BmsState.py
Symlinking /home/mzx/Desktop/dog/devel/lib/python3/dist-packages/unitree_legged_msgs/msg/_IMU.py
Symlinking /home/mzx/Desktop/dog/devel/lib/pkgconfig/unitree_legged_msgs.pc
Symlinking /home/mzx/Desktop/dog/devel/include/unitree_legged_msgs/BmsState.h
Symlinking /home/mzx/Desktop/dog/devel/include/unitree_legged_msgs/upstream.h
Symlinking /home/mzx/Desktop/dog/devel/include/unitree_legged_msgs/LowCmd.h
Symlinking /home/mzx/Desktop/dog/devel/include/unitree_legged_msgs/HighCmd.h
Symlinking /home/mzx/Desktop/dog/devel/include/unitree_legged_msgs/downstream.h
Symlinking /home/mzx/Desktop/dog/devel/include/unitree_legged_msgs/LED.h
Symlinking /home/mzx/Desktop/dog/devel/include/unitree_legged_msgs/MotorCmd.h
Symlinking /home/mzx/Desktop/dog/devel/include/unitree_legged_msgs/IMU.h
Symlinking /home/mzx/Desktop/dog/devel/include/unitree_legged_msgs/LowState.h
Symlinking /home/mzx/Desktop/dog/devel/include/unitree_legged_msgs/HighState.h
Symlinking /home/mzx/Desktop/dog/devel/include/unitree_legged_msgs/MotorState.h
Symlinking /home/mzx/Desktop/dog/devel/include/unitree_legged_msgs/Cartesian.h
Symlinking /home/mzx/Desktop/dog/devel/include/unitree_legged_msgs/BmsCmd.h
Symlinking /home/mzx/Desktop/dog/devel/share/gennodejs/ros/unitree_legged_msgs/_index.js
Symlinking /home/mzx/Desktop/dog/devel/share/gennodejs/ros/unitree_legged_msgs/msg/LED.js
Symlinking /home/mzx/Desktop/dog/devel/share/gennodejs/ros/unitree_legged_msgs/msg/IMU.js
Symlinking /home/mzx/Desktop/dog/devel/share/gennodejs/ros/unitree_legged_msgs/msg/MotorCmd.js
Symlinking /home/mzx/Desktop/dog/devel/share/gennodejs/ros/unitree_legged_msgs/msg/HighCmd.js
Symlinking /home/mzx/Desktop/dog/devel/share/gennodejs/ros/unitree_legged_msgs/msg/MotorState.js
Symlinking /home/mzx/Desktop/dog/devel/share/gennodejs/ros/unitree_legged_msgs/msg/BmsCmd.js
Symlinking /home/mzx/Desktop/dog/devel/share/gennodejs/ros/unitree_legged_msgs/msg/downstream.js
Symlinking /home/mzx/Desktop/dog/devel/share/gennodejs/ros/unitree_legged_msgs/msg/_index.js
Symlinking /home/mzx/Desktop/dog/devel/share/gennodejs/ros/unitree_legged_msgs/msg/HighState.js
Symlinking /home/mzx/Desktop/dog/devel/share/gennodejs/ros/unitree_legged_msgs/msg/Cartesian.js
Symlinking /home/mzx/Desktop/dog/devel/share/gennodejs/ros/unitree_legged_msgs/msg/LowState.js
Symlinking /home/mzx/Desktop/dog/devel/share/gennodejs/ros/unitree_legged_msgs/msg/BmsState.js
Symlinking /home/mzx/Desktop/dog/devel/share/gennodejs/ros/unitree_legged_msgs/msg/LowCmd.js
Symlinking /home/mzx/Desktop/dog/devel/share/gennodejs/ros/unitree_legged_msgs/msg/upstream.js
Symlinking /home/mzx/Desktop/dog/devel/share/common-lisp/ros/unitree_legged_msgs/msg/_package_LED.lisp
Symlinking /home/mzx/Desktop/dog/devel/share/common-lisp/ros/unitree_legged_msgs/msg/Cartesian.lisp
Symlinking /home/mzx/Desktop/dog/devel/share/common-lisp/ros/unitree_legged_msgs/msg/_package_LowState.lisp
Symlinking /home/mzx/Desktop/dog/devel/share/common-lisp/ros/unitree_legged_msgs/msg/BmsCmd.lisp
Symlinking /home/mzx/Desktop/dog/devel/share/common-lisp/ros/unitree_legged_msgs/msg/_package_MotorCmd.lisp
Symlinking /home/mzx/Desktop/dog/devel/share/common-lisp/ros/unitree_legged_msgs/msg/_package_upstream.lisp
Symlinking /home/mzx/Desktop/dog/devel/share/common-lisp/ros/unitree_legged_msgs/msg/_package_IMU.lisp
Symlinking /home/mzx/Desktop/dog/devel/share/common-lisp/ros/unitree_legged_msgs/msg/LED.lisp
Symlinking /home/mzx/Desktop/dog/devel/share/common-lisp/ros/unitree_legged_msgs/msg/unitree_legged_msgs-msg.asd
Symlinking /home/mzx/Desktop/dog/devel/share/common-lisp/ros/unitree_legged_msgs/msg/_package_LowCmd.lisp
Symlinking /home/mzx/Desktop/dog/devel/share/common-lisp/ros/unitree_legged_msgs/msg/_package_HighCmd.lisp
Symlinking /home/mzx/Desktop/dog/devel/share/common-lisp/ros/unitree_legged_msgs/msg/HighCmd.lisp
Symlinking /home/mzx/Desktop/dog/devel/share/common-lisp/ros/unitree_legged_msgs/msg/LowCmd.lisp
Symlinking /home/mzx/Desktop/dog/devel/share/common-lisp/ros/unitree_legged_msgs/msg/downstream.lisp
Symlinking /home/mzx/Desktop/dog/devel/share/common-lisp/ros/unitree_legged_msgs/msg/upstream.lisp
Symlinking /home/mzx/Desktop/dog/devel/share/common-lisp/ros/unitree_legged_msgs/msg/_package_Cartesian.lisp
Symlinking /home/mzx/Desktop/dog/devel/share/common-lisp/ros/unitree_legged_msgs/msg/_package.lisp
Symlinking /home/mzx/Desktop/dog/devel/share/common-lisp/ros/unitree_legged_msgs/msg/LowState.lisp
Symlinking /home/mzx/Desktop/dog/devel/share/common-lisp/ros/unitree_legged_msgs/msg/MotorState.lisp
Symlinking /home/mzx/Desktop/dog/devel/share/common-lisp/ros/unitree_legged_msgs/msg/MotorCmd.lisp
Symlinking /home/mzx/Desktop/dog/devel/share/common-lisp/ros/unitree_legged_msgs/msg/BmsState.lisp
Symlinking /home/mzx/Desktop/dog/devel/share/common-lisp/ros/unitree_legged_msgs/msg/IMU.lisp
Symlinking /home/mzx/Desktop/dog/devel/share/common-lisp/ros/unitree_legged_msgs/msg/_package_HighState.lisp
Symlinking /home/mzx/Desktop/dog/devel/share/common-lisp/ros/unitree_legged_msgs/msg/_package_BmsCmd.lisp
Symlinking /home/mzx/Desktop/dog/devel/share/common-lisp/ros/unitree_legged_msgs/msg/HighState.lisp
Symlinking /home/mzx/Desktop/dog/devel/share/common-lisp/ros/unitree_legged_msgs/msg/_package_MotorState.lisp
Symlinking /home/mzx/Desktop/dog/devel/share/common-lisp/ros/unitree_legged_msgs/msg/_package_downstream.lisp
Symlinking /home/mzx/Desktop/dog/devel/share/common-lisp/ros/unitree_legged_msgs/msg/_package_BmsState.lisp
Symlinking /home/mzx/Desktop/dog/devel/share/roseus/ros/unitree_legged_msgs/manifest.l
Symlinking /home/mzx/Desktop/dog/devel/share/roseus/ros/unitree_legged_msgs/msg/MotorState.l
Symlinking /home/mzx/Desktop/dog/devel/share/roseus/ros/unitree_legged_msgs/msg/Cartesian.l
Symlinking /home/mzx/Desktop/dog/devel/share/roseus/ros/unitree_legged_msgs/msg/BmsCmd.l
Symlinking /home/mzx/Desktop/dog/devel/share/roseus/ros/unitree_legged_msgs/msg/LowState.l
Symlinking /home/mzx/Desktop/dog/devel/share/roseus/ros/unitree_legged_msgs/msg/MotorCmd.l
Symlinking /home/mzx/Desktop/dog/devel/share/roseus/ros/unitree_legged_msgs/msg/HighCmd.l
Symlinking /home/mzx/Desktop/dog/devel/share/roseus/ros/unitree_legged_msgs/msg/IMU.l
Symlinking /home/mzx/Desktop/dog/devel/share/roseus/ros/unitree_legged_msgs/msg/HighState.l
Symlinking /home/mzx/Desktop/dog/devel/share/roseus/ros/unitree_legged_msgs/msg/upstream.l
Symlinking /home/mzx/Desktop/dog/devel/share/roseus/ros/unitree_legged_msgs/msg/BmsState.l
Symlinking /home/mzx/Desktop/dog/devel/share/roseus/ros/unitree_legged_msgs/msg/LowCmd.l
Symlinking /home/mzx/Desktop/dog/devel/share/roseus/ros/unitree_legged_msgs/msg/LED.l
Symlinking /home/mzx/Desktop/dog/devel/share/roseus/ros/unitree_legged_msgs/msg/downstream.l
Symlinking /home/mzx/Desktop/dog/devel/share/unitree_legged_msgs/cmake/unitree_legged_msgsConfig.cmake
Symlinking /home/mzx/Desktop/dog/devel/share/unitree_legged_msgs/cmake/unitree_legged_msgs-msg-paths.cmake
Symlinking /home/mzx/Desktop/dog/devel/share/unitree_legged_msgs/cmake/unitree_legged_msgs-msg-extras.cmake
Symlinking /home/mzx/Desktop/dog/devel/share/unitree_legged_msgs/cmake/unitree_legged_msgsConfig-version.cmake
