[35m[1mScanning dependencies of target STM32_Node[0m
[  0%] Built target geometry_msgs_generate_messages_eus
[ 11%] [32mBuilding CXX object CMakeFiles/STM32_Node.dir/src/stm32_communication.cpp.o[0m
[ 11%] Built target unitree_legged_msgs_generate_messages_lisp
[ 11%] Built target unitree_legged_msgs_generate_messages_cpp
[ 11%] Built target rosgraph_msgs_generate_messages_eus
[ 11%] Built target roscpp_generate_messages_nodejs
[ 11%] Built target rosgraph_msgs_generate_messages_cpp
[ 11%] Built target std_msgs_generate_messages_eus
[ 11%] Built target geometry_msgs_generate_messages_lisp
[ 11%] Built target unitree_legged_msgs_generate_messages_nodejs
[ 11%] Built target geometry_msgs_generate_messages_cpp
[ 11%] Built target geometry_msgs_generate_messages_nodejs
[ 11%] Built target roscpp_generate_messages_eus
[ 11%] Built target sensor_msgs_generate_messages_py
[ 11%] Built target sensor_msgs_generate_messages_lisp
[ 11%] Built target geometry_msgs_generate_messages_py
[ 11%] Built target roscpp_generate_messages_py
[ 11%] Built target sensor_msgs_generate_messages_nodejs
[ 11%] Built target sensor_msgs_generate_messages_eus
[ 11%] Built target roscpp_generate_messages_cpp
[ 11%] Built target rosgraph_msgs_generate_messages_py
[ 11%] Built target std_msgs_generate_messages_lisp
[ 11%] Built target rosgraph_msgs_generate_messages_lisp
[ 11%] Built target rosgraph_msgs_generate_messages_nodejs
[ 11%] Built target roscpp_generate_messages_lisp
[ 11%] Built target unitree_legged_msgs_generate_messages_eus
[ 11%] Built target unitree_legged_msgs_generate_messages_py
[ 11%] Built target std_msgs_generate_messages_cpp
[ 11%] Built target sensor_msgs_generate_messages_cpp
[ 11%] Built target std_msgs_generate_messages_py
[ 11%] Built target std_msgs_generate_messages_nodejs
[ 33%] Built target imu_communication
[ 44%] [32mBuilding CXX object CMakeFiles/motor_communication.dir/src/motor_communication.cpp.o[0m
[ 55%] [32mBuilding CXX object CMakeFiles/dogstandup.dir/src/standup.cpp.o[0m
[01m[K/home/mzx/Desktop/dog/src/hardware_ctrl/src/motor_communication.cpp:4:10:[m[K [01;31m[Kfatal error: [m[Kunitree_legged_msgs/motordata.h: No such file or directory
    4 | #include [01;31m[K<unitree_legged_msgs/motordata.h>[m[K
      |          [01;31m[K^~~~~~~~~~~~~~~~~~~~~~~~~~~~~~~~~[m[K
compilation terminated.
[01m[K/home/mzx/Desktop/dog/src/hardware_ctrl/src/standup.cpp:4:10:[m[K [01;31m[Kfatal error: [m[Kunitree_legged_msgs/motordata.h: No such file or directory
    4 | #include [01;31m[K<unitree_legged_msgs/motordata.h>[m[K
      |          [01;31m[K^~~~~~~~~~~~~~~~~~~~~~~~~~~~~~~~~[m[K
compilation terminated.
make[2]: *** [CMakeFiles/motor_communication.dir/build.make:63: CMakeFiles/motor_communication.dir/src/motor_communication.cpp.o] Error 1
make[1]: *** [CMakeFiles/Makefile2:288: CMakeFiles/motor_communication.dir/all] Error 2
make[1]: *** Waiting for unfinished jobs....
make[2]: *** [CMakeFiles/dogstandup.dir/build.make:63: CMakeFiles/dogstandup.dir/src/standup.cpp.o] Error 1
make[1]: *** [CMakeFiles/Makefile2:232: CMakeFiles/dogstandup.dir/all] Error 2
[ 66%] [32m[1mLinking CXX executable /home/mzx/Desktop/dog/devel/.private/hardware_ctrl/lib/hardware_ctrl/STM32_Node[0m
[ 77%] Built target STM32_Node
make: *** [Makefile:141: all] Error 2
