[01m[K/home/mzx/Desktop/dog/src/hardware_ctrl/src/stm32_communication.cpp:6:10:[m[K [01;31m[Kfatal error: [m[Kunitree_legged_msgs/motordata.h: No such file or directory
    6 | #include [01;31m[K<unitree_legged_msgs/motordata.h>[m[K
      |          [01;31m[K^~~~~~~~~~~~~~~~~~~~~~~~~~~~~~~~~[m[K
compilation terminated.
make[2]: *** [CMakeFiles/STM32_Node.dir/build.make:63: CMakeFiles/STM32_Node.dir/src/stm32_communication.cpp.o] Error 1
make[2]: *** Waiting for unfinished jobs....
[01m[K/home/mzx/Desktop/dog/src/hardware_ctrl/src/standup.cpp:4:10:[m[K [01;31m[Kfatal error: [m[Kunitree_legged_msgs/motordata.h: No such file or directory
    4 | #include [01;31m[K<unitree_legged_msgs/motordata.h>[m[K
      |          [01;31m[K^~~~~~~~~~~~~~~~~~~~~~~~~~~~~~~~~[m[K
compilation terminated.
make[2]: *** [CMakeFiles/dogstandup.dir/build.make:63: CMakeFiles/dogstandup.dir/src/standup.cpp.o] Error 1
make[1]: *** [CMakeFiles/Makefile2:232: CMakeFiles/dogstandup.dir/all] Error 2
make[1]: *** Waiting for unfinished jobs....
[01m[K/home/mzx/Desktop/dog/src/hardware_ctrl/src/motor_communication.cpp:4:10:[m[K [01;31m[Kfatal error: [m[Kunitree_legged_msgs/motordata.h: No such file or directory
    4 | #include [01;31m[K<unitree_legged_msgs/motordata.h>[m[K
      |          [01;31m[K^~~~~~~~~~~~~~~~~~~~~~~~~~~~~~~~~[m[K
compilation terminated.
make[2]: *** [CMakeFiles/motor_communication.dir/build.make:63: CMakeFiles/motor_communication.dir/src/motor_communication.cpp.o] Error 1
make[1]: *** [CMakeFiles/Makefile2:288: CMakeFiles/motor_communication.dir/all] Error 2
make[1]: *** [CMakeFiles/Makefile2:176: CMakeFiles/STM32_Node.dir/all] Error 2
make: *** [Makefile:141: all] Error 2
